TN:
SF:/Users/jacksonwalters/Documents/GitHub/aes-block-cipher-standards/src/aes_128.c
FNL:0,11,15
FNA:0,1748320,sub_bytes
FNL:1,122,134
FNA:1,26496,mul
FNL:2,137,147
FNA:2,414,inv_mix_columns
FNL:3,149,153
FNA:3,460,inv_sub_bytes
FNL:4,155,187
FNA:4,46,aes128_decrypt_block
FNL:5,17,41
FNA:5,1748320,shift_rows
FNL:6,44,45
FNA:6,25175808,xtime
FNL:7,48,62
FNA:7,1573488,mix_columns
FNL:8,5,9
FNA:8,1923658,add_round_key
FNL:9,64,92
FNA:9,174832,aes128_encrypt_block
FNL:10,95,119
FNA:10,460,inv_shift_rows
FNF:11
FNH:11
DA:5,1923658
DA:6,32702186
DA:7,30778528
DA:8,30778528
DA:9,1923658
DA:11,1748320
DA:12,29721440
DA:13,27973120
DA:14,27973120
DA:15,1748320
DA:17,1748320
DA:21,1748320
DA:22,1748320
DA:23,1748320
DA:24,1748320
DA:25,1748320
DA:28,1748320
DA:29,1748320
DA:30,1748320
DA:31,1748320
DA:32,1748320
DA:33,1748320
DA:36,1748320
DA:37,1748320
DA:38,1748320
DA:39,1748320
DA:40,1748320
DA:41,1748320
DA:44,25175808
DA:45,25175808
DA:48,1573488
DA:49,7867440
DA:50,6293952
DA:51,6293952
DA:52,6293952
DA:53,6293952
DA:54,6293952
DA:55,6293952
DA:57,6293952
DA:58,6293952
DA:59,6293952
DA:60,6293952
DA:61,6293952
DA:62,1573488
DA:64,174832
DA:68,2972144
DA:69,2797312
DA:70,2797312
DA:73,174832
DA:76,1748320
DA:77,1573488
DA:78,1573488
DA:79,1573488
DA:80,1573488
DA:81,1573488
DA:84,174832
DA:85,174832
DA:86,174832
DA:89,2972144
DA:90,2797312
DA:91,2797312
DA:92,174832
DA:95,460
DA:99,460
DA:100,460
DA:101,460
DA:102,460
DA:103,460
DA:106,460
DA:107,460
DA:108,460
DA:109,460
DA:110,460
DA:111,460
DA:114,460
DA:115,460
DA:116,460
DA:117,460
DA:118,460
DA:119,460
DA:122,26496
DA:123,26496
DA:125,238464
DA:126,211968
DA:127,72864
DA:128,211968
DA:129,211968
DA:130,211968
DA:131,105888
DA:132,211968
DA:133,211968
DA:134,26496
DA:137,414
DA:138,2070
DA:139,1656
DA:140,1656
DA:142,1656
DA:143,1656
DA:144,1656
DA:145,1656
DA:146,1656
DA:147,414
DA:149,460
DA:150,7820
DA:151,7360
DA:152,7360
DA:153,460
DA:155,46
DA:160,46
DA:163,782
DA:164,736
DA:165,736
DA:168,46
DA:171,460
DA:172,414
DA:173,414
DA:174,414
DA:175,414
DA:176,414
DA:179,46
DA:180,46
DA:181,46
DA:184,782
DA:185,736
DA:186,736
DA:187,46
LF:126
LH:126
end_of_record
TN:
SF:/Users/jacksonwalters/Documents/GitHub/aes-block-cipher-standards/src/aes_192.c
FNL:0,11,15
FNA:0,2101704,sub_bytes
FNL:1,122,134
FNA:1,2816,mul
FNL:2,137,147
FNA:2,44,inv_mix_columns
FNL:3,149,153
FNA:3,48,inv_sub_bytes
FNL:4,156,189
FNA:4,4,aes192_decrypt_block
FNL:5,17,41
FNA:5,2101704,shift_rows
FNL:6,43,44
FNA:6,30824992,xtime
FNL:7,47,61
FNA:7,1926562,mix_columns
FNL:8,5,9
FNA:8,2276898,add_round_key
FNL:9,64,93
FNA:9,175142,aes192_encrypt_block
FNL:10,96,120
FNA:10,48,inv_shift_rows
FNF:11
FNH:11
DA:5,2276898
DA:6,38707266
DA:7,36430368
DA:8,36430368
DA:9,2276898
DA:11,2101704
DA:12,35728968
DA:13,33627264
DA:14,33627264
DA:15,2101704
DA:17,2101704
DA:21,2101704
DA:22,2101704
DA:23,2101704
DA:24,2101704
DA:25,2101704
DA:28,2101704
DA:29,2101704
DA:30,2101704
DA:31,2101704
DA:32,2101704
DA:33,2101704
DA:36,2101704
DA:37,2101704
DA:38,2101704
DA:39,2101704
DA:40,2101704
DA:41,2101704
DA:43,30824992
DA:44,30824992
DA:47,1926562
DA:48,9632810
DA:49,7706248
DA:50,7706248
DA:51,7706248
DA:52,7706248
DA:53,7706248
DA:54,7706248
DA:56,7706248
DA:57,7706248
DA:58,7706248
DA:59,7706248
DA:60,7706248
DA:61,1926562
DA:64,175142
DA:69,2977414
DA:70,2802272
DA:71,2802272
DA:74,175142
DA:77,2101704
DA:78,1926562
DA:79,1926562
DA:80,1926562
DA:81,1926562
DA:82,1926562
DA:85,175142
DA:86,175142
DA:87,175142
DA:90,2977414
DA:91,2802272
DA:92,2802272
DA:93,175142
DA:96,48
DA:100,48
DA:101,48
DA:102,48
DA:103,48
DA:104,48
DA:107,48
DA:108,48
DA:109,48
DA:110,48
DA:111,48
DA:112,48
DA:115,48
DA:116,48
DA:117,48
DA:118,48
DA:119,48
DA:120,48
DA:122,2816
DA:123,2816
DA:125,25344
DA:126,22528
DA:127,7744
DA:128,22528
DA:129,22528
DA:130,22528
DA:131,11152
DA:132,22528
DA:133,22528
DA:134,2816
DA:137,44
DA:138,220
DA:139,176
DA:140,176
DA:142,176
DA:143,176
DA:144,176
DA:145,176
DA:146,176
DA:147,44
DA:149,48
DA:150,816
DA:151,768
DA:152,768
DA:153,48
DA:156,4
DA:162,4
DA:165,68
DA:166,64
DA:167,64
DA:170,4
DA:173,48
DA:174,44
DA:175,44
DA:176,44
DA:177,44
DA:178,44
DA:181,4
DA:182,4
DA:183,4
DA:186,68
DA:187,64
DA:188,64
DA:189,4
LF:126
LH:126
end_of_record
TN:
SF:/Users/jacksonwalters/Documents/GitHub/aes-block-cipher-standards/src/aes_256.c
FNL:0,102,106
FNA:0,56,inv_sub_bytes
FNL:1,108,130
FNA:1,56,inv_shift_rows
FNL:2,132,142
FNA:2,52,inv_mix_columns
FNL:3,144,166
FNA:3,4,aes256_decrypt_block
FNL:4,18,27
FNA:4,72665216,gf_mul
FNL:5,30,34
FNA:5,2445352,sub_bytes
FNL:6,36,58
FNA:6,2445352,shift_rows
FNL:7,60,70
FNA:7,2270684,mix_columns
FNL:8,72,76
FNA:8,2620080,add_round_key
FNL:9,78,98
FNA:9,174668,aes256_encrypt_block
FNF:10
FNH:10
DA:18,72665216
DA:19,72665216
DA:20,653986944
DA:21,581321728
DA:22,581321728
DA:23,581321728
DA:24,581321728
DA:25,581321728
DA:26,581321728
DA:27,72665216
DA:30,2445352
DA:31,41570984
DA:32,39125632
DA:33,39125632
DA:34,2445352
DA:36,2445352
DA:38,2445352
DA:39,2445352
DA:40,2445352
DA:41,2445352
DA:42,2445352
DA:45,2445352
DA:46,2445352
DA:47,2445352
DA:48,2445352
DA:49,2445352
DA:50,2445352
DA:53,2445352
DA:54,2445352
DA:55,2445352
DA:56,2445352
DA:57,2445352
DA:58,2445352
DA:60,2270684
DA:61,11353420
DA:62,9082736
DA:63,9082736
DA:65,9082736
DA:66,9082736
DA:67,9082736
DA:68,9082736
DA:69,9082736
DA:70,2270684
DA:72,2620080
DA:73,44541360
DA:74,41921280
DA:75,41921280
DA:76,2620080
DA:78,174668
DA:81,174668
DA:83,174668
DA:85,2445352
DA:86,2270684
DA:87,2270684
DA:88,2270684
DA:89,2270684
DA:90,2270684
DA:93,174668
DA:94,174668
DA:95,174668
DA:97,174668
DA:98,174668
DA:102,56
DA:103,952
DA:104,896
DA:105,896
DA:106,56
DA:108,56
DA:110,56
DA:111,56
DA:112,56
DA:113,56
DA:114,56
DA:117,56
DA:118,56
DA:119,56
DA:120,56
DA:121,56
DA:122,56
DA:125,56
DA:126,56
DA:127,56
DA:128,56
DA:129,56
DA:130,56
DA:132,52
DA:133,260
DA:134,208
DA:135,208
DA:137,208
DA:138,208
DA:139,208
DA:140,208
DA:141,208
DA:142,52
DA:144,4
DA:148,4
DA:150,4
DA:152,4
DA:154,56
DA:155,52
DA:156,52
DA:157,52
DA:158,52
DA:159,52
DA:161,4
DA:162,4
DA:163,4
DA:165,4
DA:166,4
LF:110
LH:110
end_of_record
TN:
SF:/Users/jacksonwalters/Documents/GitHub/aes-block-cipher-standards/src/aes_wrapper.c
FNL:0,17,27
FNA:0,524640,aes_block_wrapper
FNL:1,30,40
FNA:1,44,aes_block_wrapper_dec
FNF:2
FNH:2
DA:17,524640
DA:18,524640
DA:20,524640
DA:21,174830
DA:22,524640
DA:23,175138
DA:24,349810
DA:25,174664
DA:26,174664
DA:27,524640
DA:30,44
DA:31,44
DA:33,44
DA:34,44
DA:35,44
DA:36,0
DA:37,0
DA:38,0
DA:39,0
DA:40,44
LF:20
LH:16
end_of_record
TN:
SF:/Users/jacksonwalters/Documents/GitHub/aes-block-cipher-standards/src/cbc.c
FNL:0,19,29
FNA:0,2,pkcs7_unpad
FNL:1,32,34
FNA:1,12,xor_block
FNL:2,36,71
FNA:2,2,aes_cbc_encrypt
FNL:3,6,13
FNA:3,2,pkcs7_pad
FNL:4,73,104
FNA:4,2,aes_cbc_decrypt
FNF:5
FNH:5
DA:6,2
DA:7,2
DA:8,2
DA:10,2
DA:12,22
DA:13,2
DA:19,2
DA:20,2
DA:21,2
DA:22,2
DA:24,22
DA:25,20
DA:26,20
DA:27,2
DA:28,2
DA:29,2
DA:32,12
DA:33,204
DA:34,12
DA:36,2
DA:41,2
DA:44,2
DA:45,2
DA:47,2
DA:48,2
DA:51,2
DA:52,2
DA:55,2
DA:57,8
DA:59,6
DA:60,6
DA:62,6
DA:63,6
DA:65,2
DA:67,2
DA:68,2
DA:69,2
DA:70,2
DA:71,2
DA:73,2
DA:78,2
DA:79,2
DA:82,2
DA:84,8
DA:86,6
DA:87,6
DA:88,6
DA:89,6
DA:92,2
DA:93,2
DA:94,2
DA:96,0
DA:97,0
DA:98,0
DA:101,2
DA:102,2
DA:103,2
DA:104,2
LF:58
LH:55
end_of_record
TN:
SF:/Users/jacksonwalters/Documents/GitHub/aes-block-cipher-standards/src/ccm.c
FNL:0,10,14
FNA:0,60,xor_block
FNL:1,148,247
FNA:1,6,ccm_decrypt
FNL:2,17,32
FNA:2,12,build_b0
FNL:3,35,40
FNA:3,18,build_ctr0
FNL:4,43,62
FNA:4,12,format_aad
FNL:5,64,146
FNA:5,6,ccm_encrypt
FNF:6
FNH:6
DA:10,60
DA:13,1020
DA:14,60
DA:17,12
DA:19,12
DA:20,12
DA:21,12
DA:22,12
DA:23,12
DA:24,12
DA:26,12
DA:29,84
DA:30,72
DA:31,72
DA:32,12
DA:35,18
DA:36,18
DA:37,18
DA:38,18
DA:39,18
DA:40,18
DA:43,12
DA:44,12
DA:48,12
DA:50,12
DA:51,12
DA:52,12
DA:53,12
DA:56,12
DA:57,12
DA:59,12
DA:60,12
DA:61,12
DA:62,12
DA:64,6
DA:72,6
DA:73,6
DA:74,6
DA:75,6
DA:83,6
DA:86,6
DA:87,6
DA:88,6
DA:91,6
DA:92,6
DA:93,6
DA:94,6
DA:95,6
DA:96,6
DA:97,6
DA:98,0
DA:99,0
DA:102,6
DA:103,6
DA:104,6
DA:105,6
DA:106,6
DA:107,6
DA:108,6
DA:109,6
DA:110,6
DA:111,6
DA:114,6
DA:115,30
DA:117,24
DA:118,24
DA:119,24
DA:123,6
DA:125,6
DA:128,6
DA:129,6
DA:130,6
DA:131,6
DA:135,6
DA:136,6
DA:137,6
DA:139,6
DA:140,6
DA:145,6
DA:146,6
DA:148,6
DA:156,6
DA:157,6
DA:158,6
DA:159,6
DA:161,6
DA:169,6
DA:171,6
DA:172,6
DA:173,6
DA:174,6
DA:178,6
DA:180,6
DA:181,6
DA:182,6
DA:184,6
DA:185,6
DA:186,6
DA:187,6
DA:188,6
DA:190,6
DA:191,6
DA:192,0
DA:193,0
DA:196,6
DA:197,6
DA:198,6
DA:199,6
DA:200,6
DA:201,6
DA:202,6
DA:203,6
DA:204,6
DA:205,6
DA:207,6
DA:208,30
DA:210,24
DA:211,24
DA:212,24
DA:215,6
DA:217,6
DA:220,6
DA:222,6
DA:223,6
DA:225,42
DA:226,36
DA:227,36
DA:229,6
DA:230,6
DA:232,6
DA:234,0
DA:238,0
DA:241,6
DA:246,6
DA:247,6
LF:135
LH:129
end_of_record
TN:
SF:/Users/jacksonwalters/Documents/GitHub/aes-block-cipher-standards/src/cfb.c
FNL:0,31,52
FNA:0,2,aes_cfb_decrypt
FNL:1,8,29
FNA:1,2,aes_cfb_encrypt
FNF:2
FNH:2
DA:8,2
DA:18,2
DA:19,2
DA:21,44
DA:22,42
DA:23,42
DA:25,42
DA:26,2
DA:27,2
DA:28,42
DA:29,2
DA:31,2
DA:41,2
DA:42,2
DA:44,44
DA:45,42
DA:46,42
DA:48,42
DA:49,2
DA:50,2
DA:51,42
DA:52,2
LF:22
LH:22
end_of_record
TN:
SF:/Users/jacksonwalters/Documents/GitHub/aes-block-cipher-standards/src/cmac.c
FNL:0,12,19
FNA:0,16,shift_left
FNL:1,22,42
FNA:1,8,generate_subkeys
FNL:2,45,49
FNA:2,4,pad_block
FNL:3,51,99
FNA:3,8,aes_cmac
FNL:4,7,9
FNA:4,34,xor_block
FNF:5
FNH:5
DA:7,34
DA:8,578
DA:9,34
DA:12,16
DA:13,16
DA:14,272
DA:15,256
DA:16,256
DA:17,256
DA:18,256
DA:19,16
DA:22,8
DA:23,8
DA:24,8
DA:26,8
DA:28,8
DA:32,8
DA:33,8
DA:34,0
DA:35,0
DA:38,8
DA:39,8
DA:40,8
DA:41,8
DA:42,8
DA:45,4
DA:46,4
DA:47,4
DA:48,4
DA:49,4
DA:51,8
DA:53,8
DA:56,8
DA:57,8
DA:61,8
DA:64,8
DA:67,18
DA:69,10
DA:70,10
DA:71,10
DA:76,8
DA:79,4
DA:80,4
DA:81,4
DA:83,4
DA:85,4
DA:87,2
DA:88,2
DA:90,2
DA:92,4
DA:97,8
DA:98,8
DA:99,8
LF:53
LH:51
end_of_record
TN:
SF:/Users/jacksonwalters/Documents/GitHub/aes-block-cipher-standards/src/ctr.c
FNL:0,18,50
FNA:0,165200,aes_ctr_crypt
FNL:1,9,16
FNA:1,392060,ctr_increment
FNF:2
FNH:2
DA:9,392060
DA:11,393010
DA:12,393010
DA:13,392060
DA:15,950
DA:16,392060
DA:18,165200
DA:24,165200
DA:27,165200
DA:29,392064
DA:31,226864
DA:33,226864
DA:34,226864
DA:35,56668
DA:38,3401664
DA:39,3174800
DA:40,3174800
DA:43,226864
DA:44,226864
DA:48,165200
DA:49,165200
DA:50,165200
LF:22
LH:22
end_of_record
TN:
SF:/Users/jacksonwalters/Documents/GitHub/aes-block-cipher-standards/src/ecb.c
FNL:0,13,20
FNA:0,2,aes_ecb_decrypt
FNL:1,4,11
FNA:1,2,aes_ecb_encrypt
FNF:2
FNH:2
DA:4,2
DA:7,2
DA:8,4
DA:9,2
DA:10,2
DA:11,2
DA:13,2
DA:16,2
DA:17,4
DA:18,2
DA:19,2
DA:20,2
LF:12
LH:12
end_of_record
TN:
SF:/Users/jacksonwalters/Documents/GitHub/aes-block-cipher-standards/src/gcm.c
FNL:0,118,136
FNA:0,108602,gcm_encrypt
FNL:1,12,14
FNA:1,1305382,xor_block
FNL:2,139,166
FNA:2,80398,gcm_decrypt
FNL:3,17,34
FNA:3,1305382,ghash_mult
FNL:4,37,78
FNA:4,261382,ghash
FNL:5,81,115
FNA:5,108602,gcm_init
FNF:6
FNH:6
DA:12,1305382
DA:13,22191494
DA:14,1305382
DA:17,1305382
DA:18,1305382
DA:19,1305382
DA:21,22191494
DA:22,187975008
DA:23,1456153344
DA:24,167088896
DA:25,2840511232
DA:26,2673422336
DA:27,2673422336
DA:28,2673422336
DA:29,2673422336
DA:30,167088896
DA:31,167088896
DA:32,20886112
DA:33,1305382
DA:34,1305382
DA:37,261382
DA:39,261382
DA:43,639382
DA:44,378000
DA:45,378000
DA:46,378000
DA:47,261382
DA:48,75600
DA:49,75600
DA:50,75600
DA:51,75600
DA:52,75600
DA:55,749472
DA:56,488090
DA:57,488090
DA:58,488090
DA:59,261382
DA:60,102310
DA:61,102310
DA:62,102310
DA:63,102310
DA:64,102310
DA:67,261382
DA:68,261382
DA:69,261382
DA:70,2352438
DA:71,2091056
DA:72,2091056
DA:73,2091056
DA:74,261382
DA:75,261382
DA:77,261382
DA:78,261382
DA:81,108602
DA:84,108602
DA:86,108602
DA:87,36228
DA:88,108602
DA:89,36142
DA:90,72374
DA:91,36232
DA:92,36232
DA:93,0
DA:96,108602
DA:97,108602
DA:98,108602
DA:101,108602
DA:102,108602
DA:105,108602
DA:106,36220
DA:107,36220
DA:108,36220
DA:109,36220
DA:111,72382
DA:114,108602
DA:115,108602
DA:118,108602
DA:122,108602
DA:124,108602
DA:125,108602
DA:127,108602
DA:130,108602
DA:133,108602
DA:135,1380706
DA:136,108602
DA:139,80398
DA:144,80398
DA:147,80398
DA:150,80398
DA:153,1022294
DA:155,80398
DA:156,23816
DA:157,23816
DA:160,56582
DA:161,56582
DA:163,56582
DA:165,56582
DA:166,80398
LF:98
LH:97
end_of_record
TN:
SF:/Users/jacksonwalters/Documents/GitHub/aes-block-cipher-standards/src/gmac.c
FNL:0,12,18
FNA:0,37918,gmac_compute
FNL:1,5,8
FNA:1,37918,gmac_init
FNF:2
FNH:2
DA:5,37918
DA:8,37918
DA:12,37918
DA:17,37918
DA:18,37918
LF:5
LH:5
end_of_record
TN:
SF:/Users/jacksonwalters/Documents/GitHub/aes-block-cipher-standards/src/key_expansion_128.c
FNL:0,10,49
FNA:0,36284,aes_key_expansion_128
FNF:1
FNH:1
DA:10,36284
DA:12,616828
DA:13,580544
DA:14,580544
DA:17,36284
DA:18,36284
DA:20,1487644
DA:22,7256800
DA:23,5805440
DA:24,5805440
DA:26,1451360
DA:28,362840
DA:29,362840
DA:30,362840
DA:31,362840
DA:32,362840
DA:35,1814200
DA:36,1451360
DA:37,1451360
DA:40,362840
DA:41,362840
DA:44,7256800
DA:45,5805440
DA:46,5805440
DA:47,5805440
DA:49,36284
LF:26
LH:26
end_of_record
TN:
SF:/Users/jacksonwalters/Documents/GitHub/aes-block-cipher-standards/src/key_expansion_192.c
FNL:0,8,54
FNA:0,36146,aes_key_expansion_192
FNF:1
FNH:1
DA:8,36146
DA:9,36146
DA:12,903650
DA:13,867504
DA:14,867504
DA:19,36146
DA:20,36146
DA:22,1698862
DA:26,8313580
DA:27,6650864
DA:28,6650864
DA:31,1662716
DA:33,289168
DA:34,289168
DA:35,289168
DA:36,289168
DA:37,289168
DA:40,1445840
DA:41,1156672
DA:42,1156672
DA:45,289168
DA:46,289168
DA:49,8313580
DA:50,6650864
DA:51,6650864
DA:52,6650864
DA:54,36146
LF:27
LH:27
end_of_record
TN:
SF:/Users/jacksonwalters/Documents/GitHub/aes-block-cipher-standards/src/key_expansion_256.c
FNL:0,15,21
FNA:0,253652,rot_word
FNL:1,24,28
FNA:1,471068,sub_word
FNL:2,30,69
FNA:2,36236,aes_key_expansion_256
FNF:3
FNH:3
DA:15,253652
DA:16,253652
DA:17,253652
DA:18,253652
DA:19,253652
DA:20,253652
DA:21,253652
DA:24,471068
DA:25,2355340
DA:26,1884272
DA:27,1884272
DA:28,471068
DA:30,36236
DA:34,36236
DA:35,36236
DA:36,36236
DA:39,1195788
DA:40,1159552
DA:41,1159552
DA:44,36236
DA:45,36236
DA:47,1920508
DA:49,9421360
DA:50,7537088
DA:51,7537088
DA:53,1884272
DA:55,1884272
DA:56,253652
DA:57,253652
DA:58,253652
DA:59,1884272
DA:60,217416
DA:61,217416
DA:64,9421360
DA:65,7537088
DA:66,7537088
DA:67,7537088
DA:69,36236
LF:38
LH:38
end_of_record
TN:
SF:/Users/jacksonwalters/Documents/GitHub/aes-block-cipher-standards/src/ofb.c
FNL:0,35,44
FNA:0,2,aes_ofb_decrypt
FNL:1,5,33
FNA:1,4,aes_ofb_encrypt
FNF:2
FNH:2
DA:5,4
DA:14,4
DA:16,4
DA:18,20
DA:19,16
DA:21,16
DA:22,16
DA:24,272
DA:25,256
DA:27,16
DA:28,16
DA:31,4
DA:32,4
DA:33,4
DA:35,2
DA:43,2
DA:44,2
LF:17
LH:17
end_of_record
TN:
SF:/Users/jacksonwalters/Documents/GitHub/aes-block-cipher-standards/src/sbox.c
FNL:0,25,29
FNA:0,54,initialize_inverse_sbox
FNL:1,7,23
FNA:1,108642,initialize_aes_sbox
FNF:2
FNH:2
DA:7,108642
DA:8,108642
DA:10,108642
DA:11,27703710
DA:13,27703710
DA:14,27703710
DA:15,27703710
DA:16,27703710
DA:18,27703710
DA:19,27703710
DA:20,27703710
DA:22,108642
DA:23,108642
DA:25,54
DA:26,13878
DA:27,13824
DA:28,13824
DA:29,54
LF:18
LH:18
end_of_record
TN:
SF:/Users/jacksonwalters/Documents/GitHub/aes-block-cipher-standards/src/xts.c
FNL:0,16,24
FNA:0,72,multiply_by_x
FNL:1,30,36
FNA:1,20,encode_data_unit_be64
FNL:2,41,64
FNA:2,20,xts_encrypt
FNL:3,69,92
FNA:3,10,xts_decrypt
FNL:4,8,10
FNA:4,144,xor16
FNF:5
FNH:5
DA:8,144
DA:9,2448
DA:10,144
DA:16,72
DA:17,72
DA:18,1224
DA:19,1152
DA:20,1152
DA:21,1152
DA:22,1152
DA:23,72
DA:24,72
DA:30,20
DA:31,20
DA:32,180
DA:33,160
DA:34,160
DA:35,160
DA:36,20
DA:41,20
DA:46,20
DA:47,20
DA:49,10
DA:52,10
DA:53,10
DA:55,46
DA:57,36
DA:58,36
DA:59,36
DA:60,36
DA:61,36
DA:63,10
DA:64,20
DA:69,10
DA:74,10
DA:75,10
DA:77,10
DA:80,10
DA:81,10
DA:83,46
DA:85,36
DA:86,36
DA:87,36
DA:88,36
DA:89,36
DA:91,10
DA:92,10
LF:47
LH:47
end_of_record
TN:
SF:/Users/jacksonwalters/Documents/GitHub/aes-block-cipher-standards/tests/test_aes_128.c
FNL:0,8,32
FNA:0,1,main
FNF:1
FNH:1
DA:8,1
DA:9,1
DA:12,1
DA:15,1
DA:16,1
DA:18,1
DA:19,1
DA:21,1
DA:22,1
DA:23,1
DA:24,0
DA:27,1
DA:28,1
DA:29,17
DA:30,1
DA:32,1
LF:16
LH:15
end_of_record
TN:
SF:/Users/jacksonwalters/Documents/GitHub/aes-block-cipher-standards/tests/test_aes_192.c
FNL:0,8,82
FNA:0,1,main
FNF:1
FNH:1
DA:8,1
DA:10,1
DA:13,1
DA:16,1
DA:17,1
DA:19,1
DA:20,1
DA:21,1
DA:23,1
DA:24,1
DA:26,1
DA:27,1
DA:28,1
DA:29,0
DA:30,0
DA:33,1
DA:34,1
DA:35,17
DA:36,1
DA:37,1
DA:40,1
DA:41,1
DA:46,1
DA:50,1
DA:56,1
DA:57,1
DA:58,1
DA:60,1
DA:61,17
DA:62,1
DA:63,17
DA:64,1
DA:66,1
DA:67,1
DA:68,1
DA:69,0
DA:70,0
DA:73,1
DA:74,1
DA:75,1
DA:76,0
DA:77,0
DA:80,1
DA:81,1
DA:82,1
LF:45
LH:39
end_of_record
TN:
SF:/Users/jacksonwalters/Documents/GitHub/aes-block-cipher-standards/tests/test_aes_256.c
FNL:0,8,86
FNA:0,1,main
FNF:1
FNH:1
DA:8,1
DA:10,1
DA:16,1
DA:19,1
DA:20,1
DA:22,1
DA:23,1
DA:24,1
DA:26,1
DA:27,1
DA:29,1
DA:30,1
DA:31,1
DA:32,0
DA:33,0
DA:36,1
DA:37,1
DA:38,17
DA:39,1
DA:40,1
DA:43,1
DA:44,1
DA:50,1
DA:54,1
DA:60,1
DA:61,1
DA:62,1
DA:64,1
DA:65,17
DA:66,1
DA:67,17
DA:68,1
DA:70,1
DA:71,1
DA:72,1
DA:73,0
DA:74,0
DA:77,1
DA:78,1
DA:79,1
DA:80,0
DA:81,0
DA:84,1
DA:85,1
DA:86,1
LF:45
LH:39
end_of_record
TN:
SF:/Users/jacksonwalters/Documents/GitHub/aes-block-cipher-standards/tests/test_cbc.c
FNL:0,12,15
FNA:0,1,print_hex
FNL:1,17,59
FNA:1,1,main
FNF:2
FNH:2
DA:12,1
DA:13,49
DA:14,1
DA:15,1
DA:17,1
DA:18,1
DA:22,1
DA:23,1
DA:25,1
DA:27,1
DA:28,1
DA:30,1
DA:31,1
DA:32,1
DA:33,1
DA:35,1
DA:38,1
DA:39,0
DA:40,0
DA:43,1
DA:44,0
DA:45,0
DA:48,1
DA:49,0
DA:50,0
DA:53,1
DA:54,1
DA:55,1
DA:56,1
DA:58,1
DA:59,1
LF:31
LH:25
end_of_record
TN:
SF:/Users/jacksonwalters/Documents/GitHub/aes-block-cipher-standards/tests/test_ccm.c
FNL:0,10,56
FNA:0,3,run_vector
FNL:1,58,98
FNA:1,1,main
FNF:2
FNH:2
DA:10,3
DA:17,3
DA:18,3
DA:20,3
DA:21,3
DA:23,3
DA:24,3
DA:25,3
DA:26,3
DA:27,3
DA:30,3
DA:32,3
DA:33,0
DA:36,3
DA:37,3
DA:39,3
DA:40,3
DA:42,3
DA:43,3
DA:44,3
DA:45,3
DA:46,3
DA:49,3
DA:51,3
DA:52,0
DA:55,3
DA:56,3
DA:58,1
DA:62,1
DA:63,1
DA:65,1
DA:67,1
DA:69,1
DA:70,1
DA:75,0
DA:77,1
DA:78,1
DA:83,0
DA:85,1
DA:86,1
DA:91,0
DA:93,1
DA:94,1
DA:96,0
DA:98,1
LF:45
LH:39
end_of_record
TN:
SF:/Users/jacksonwalters/Documents/GitHub/aes-block-cipher-standards/tests/test_cfb.c
FNL:0,9,39
FNA:0,1,main
FNF:1
FNH:1
DA:9,1
DA:10,1
DA:11,1
DA:12,1
DA:13,1
DA:15,1
DA:16,1
DA:22,1
DA:25,1
DA:27,1
DA:29,1
DA:30,1
DA:32,1
DA:33,1
DA:34,1
DA:36,0
DA:37,0
DA:39,1
LF:18
LH:16
end_of_record
TN:
SF:/Users/jacksonwalters/Documents/GitHub/aes-block-cipher-standards/tests/test_cmac.c
FNL:0,12,20
FNA:0,4,check_result
FNL:1,22,73
FNA:1,1,main
FNF:2
FNH:2
DA:12,4
DA:13,4
DA:14,4
DA:15,4
DA:17,0
DA:18,0
DA:20,4
DA:22,1
DA:23,1
DA:29,1
DA:30,1
DA:31,1
DA:38,3
DA:39,2
DA:40,1
DA:42,2
DA:44,1
DA:46,2
DA:51,1
DA:53,2
DA:61,1
DA:65,1
DA:67,5
DA:68,4
DA:69,4
DA:70,4
DA:71,4
DA:73,1
LF:28
LH:26
end_of_record
TN:
SF:/Users/jacksonwalters/Documents/GitHub/aes-block-cipher-standards/tests/test_ctr.c
FNL:0,12,47
FNA:0,1,main
FNF:1
FNH:1
DA:12,1
DA:13,1
DA:17,1
DA:19,1
DA:21,1
DA:23,1
DA:24,1
DA:26,1
DA:27,1
DA:29,1
DA:32,1
DA:33,1
DA:35,1
DA:36,0
DA:37,0
DA:40,1
DA:41,1
DA:42,1
DA:43,45
DA:44,1
DA:46,1
DA:47,1
LF:22
LH:20
end_of_record
TN:
SF:/Users/jacksonwalters/Documents/GitHub/aes-block-cipher-standards/tests/test_ecb.c
FNL:0,11,66
FNA:0,1,main
FNF:1
FNH:1
DA:11,1
DA:13,1
DA:18,1
DA:23,1
DA:30,1
DA:31,1
DA:33,1
DA:35,1
DA:36,1
DA:39,1
DA:42,1
DA:45,1
DA:46,0
DA:47,0
DA:51,1
DA:52,0
DA:53,0
DA:56,1
DA:57,1
DA:58,17
DA:59,1
DA:61,1
DA:62,17
DA:63,1
DA:65,1
DA:66,1
LF:26
LH:22
end_of_record
TN:
SF:/Users/jacksonwalters/Documents/GitHub/aes-block-cipher-standards/tests/test_gcm.c
FNL:0,103,107
FNA:0,0,log_hex
FNL:1,109,202
FNA:1,1,main
FNL:2,20,23
FNA:2,7404562,hex_to_byte
FNL:3,27,33
FNA:3,444180,strip_trailing
FNL:4,36,47
FNA:4,271592,parse_hex
FNL:5,51,100
FNA:5,47256,parse_vector
FNF:6
FNH:5
DA:20,7404562
DA:21,7404562
DA:22,7404562
DA:23,7404562
DA:27,444180
DA:28,444180
DA:29,1358491
DA:30,914311
DA:31,914311
DA:33,444180
DA:36,271592
DA:37,271592
DA:38,271592
DA:40,7676154
DA:41,7404562
DA:42,7404562
DA:43,7404562
DA:44,7404562
DA:45,7404562
DA:46,7404562
DA:47,271592
DA:51,47256
DA:53,47256
DA:55,47256
DA:57,444192
DA:58,444180
DA:59,444180
DA:61,393744
DA:62,11908
DA:63,11908
DA:66,381836
DA:67,381836
DA:69,381836
DA:70,381836
DA:71,381836
DA:73,381836
DA:74,381836
DA:75,763672
DA:76,737721
DA:78,381836
DA:79,47250
DA:80,47244
DA:81,47244
DA:83,334592
DA:84,47250
DA:85,47250
DA:86,334586
DA:87,47250
DA:88,287336
DA:89,35342
DA:90,240086
DA:91,47250
DA:92,204744
DA:93,47250
DA:94,157494
DA:95,47250
DA:96,47250
DA:99,12
DA:100,47256
DA:103,0
DA:104,0
DA:105,0
DA:106,0
DA:107,0
DA:109,1
DA:110,1
DA:121,1
DA:123,1
DA:124,1
DA:126,7
DA:127,6
DA:128,6
DA:130,6
DA:132,47256
DA:133,47250
DA:134,47250
DA:136,47250
DA:138,11908
DA:139,11908
DA:140,11908
DA:141,11908
DA:142,11908
DA:143,11908
DA:146,35342
DA:147,0
DA:148,0
DA:149,0
DA:152,35342
DA:155,35342
DA:157,35342
DA:158,35342
DA:159,35342
DA:162,35342
DA:163,28291
DA:164,0
DA:165,28291
DA:166,0
DA:167,28291
DA:169,35342
DA:171,0
DA:172,0
DA:173,0
DA:174,0
DA:175,0
DA:176,0
DA:177,0
DA:178,0
DA:179,0
DA:180,0
DA:181,0
DA:182,0
DA:183,0
DA:184,35342
DA:185,35342
DA:189,6
DA:190,6
DA:191,6
DA:192,6
DA:193,6
DA:195,1
DA:197,1
DA:198,1
DA:199,1
DA:201,1
DA:202,1
LF:125
LH:102
end_of_record
TN:
SF:/Users/jacksonwalters/Documents/GitHub/aes-block-cipher-standards/tests/test_gmac.c
FNL:0,103,107
FNA:0,0,log_hex
FNL:1,109,194
FNA:1,1,main
FNL:2,21,24
FNA:2,5552550,hex_to_byte
FNL:3,28,34
FNA:3,444180,strip_trailing
FNL:4,37,48
FNA:4,224342,parse_hex
FNL:5,52,100
FNA:5,47256,parse_vector
FNF:6
FNH:5
DA:21,5552550
DA:22,5552550
DA:23,5552550
DA:24,5552550
DA:28,444180
DA:29,444180
DA:30,1358491
DA:31,914311
DA:32,914311
DA:34,444180
DA:37,224342
DA:38,224342
DA:39,224342
DA:40,6570504
DA:41,6346162
DA:42,6346162
DA:43,6346162
DA:44,6346162
DA:45,6346162
DA:46,6346162
DA:47,6346162
DA:48,224342
DA:52,47256
DA:54,47256
DA:55,47256
DA:57,444192
DA:58,444180
DA:59,444180
DA:62,393744
DA:63,11908
DA:64,11908
DA:67,381836
DA:68,381836
DA:70,381836
DA:71,381836
DA:72,381836
DA:74,381836
DA:75,381836
DA:76,763672
DA:77,737721
DA:79,381836
DA:80,47250
DA:81,47244
DA:82,47244
DA:84,334592
DA:85,47250
DA:86,47250
DA:87,334586
DA:88,47250
DA:89,287336
DA:90,35342
DA:91,35342
DA:92,240086
DA:93,47250
DA:94,204744
DA:95,47250
DA:96,47250
DA:99,12
DA:100,47256
DA:103,0
DA:104,0
DA:105,0
DA:106,0
DA:107,0
DA:109,1
DA:110,1
DA:121,1
DA:123,1
DA:124,1
DA:126,7
DA:127,6
DA:128,6
DA:130,6
DA:132,47256
DA:134,47250
DA:136,18959
DA:137,18959
DA:139,18959
DA:140,0
DA:141,0
DA:142,0
DA:145,18959
DA:146,0
DA:147,0
DA:148,0
DA:152,18959
DA:154,18959
DA:158,18959
DA:160,18959
DA:162,0
DA:163,0
DA:164,0
DA:165,0
DA:166,0
DA:167,0
DA:168,0
DA:169,0
DA:170,0
DA:171,0
DA:172,0
DA:173,0
DA:174,0
DA:175,0
DA:176,18959
DA:177,18959
DA:181,6
DA:182,6
DA:183,6
DA:184,6
DA:185,6
DA:187,1
DA:189,1
DA:190,1
DA:191,1
DA:193,1
DA:194,1
LF:116
LH:91
end_of_record
TN:
SF:/Users/jacksonwalters/Documents/GitHub/aes-block-cipher-standards/tests/test_ofb.c
FNL:0,11,78
FNA:0,1,main
FNF:1
FNH:1
DA:11,1
DA:12,1
DA:17,1
DA:22,1
DA:33,1
DA:46,1
DA:47,1
DA:48,1
DA:50,1
DA:51,1
DA:54,1
DA:56,1
DA:57,0
DA:58,0
DA:62,1
DA:64,1
DA:65,0
DA:66,0
DA:69,1
DA:71,1
DA:72,65
DA:73,64
DA:74,64
DA:75,1
DA:77,1
DA:78,1
LF:26
LH:22
end_of_record
TN:
SF:/Users/jacksonwalters/Documents/GitHub/aes-block-cipher-standards/tests/test_xts.c
FNL:0,23,50
FNA:0,10,test_roundtrip
FNL:1,52,91
FNA:1,1,main
FNF:2
FNH:2
DA:23,10
DA:25,10
DA:26,10
DA:29,10
DA:32,10
DA:33,10
DA:35,10
DA:36,10
DA:38,10
DA:40,10
DA:41,10
DA:43,5
DA:45,5
DA:46,5
DA:48,5
DA:49,5
DA:50,10
DA:52,1
DA:54,257
DA:56,1
DA:57,1
DA:59,14
DA:60,13
DA:61,13
DA:62,13
DA:64,13
DA:65,3
DA:66,3
DA:69,10
DA:70,10
DA:71,10
DA:72,10
DA:73,0
DA:74,0
DA:75,0
DA:76,0
DA:77,0
DA:78,0
DA:79,0
DA:80,0
DA:82,10
DA:84,1
DA:85,1
DA:86,1
DA:88,0
DA:89,0
DA:91,1
LF:47
LH:37
end_of_record
